[01-Jul-2020 10:44:20 Asia/Tokyo] POSTされました
[01-Jul-2020 10:44:21 Asia/Tokyo] PHP Fatal error:  Uncaught ArgumentCountError: Too few arguments to function Human::__construct(), 6 passed in /Applications/MAMP/htdocs/object-orientation/index.php on line 136 and exactly 7 expected in /Applications/MAMP/htdocs/object-orientation/index.php:48
Stack trace:
#0 /Applications/MAMP/htdocs/object-orientation/index.php(136): Human->__construct('\xE5\x8A\x9B\xE5\xA3\xAB', 700, 30, 70, 10, 40)
#1 {main}
  thrown in /Applications/MAMP/htdocs/object-orientation/index.php on line 48
[01-Jul-2020 10:45:35 Asia/Tokyo] POSTされました
[01-Jul-2020 10:45:37 Asia/Tokyo] POSTされました
[01-Jul-2020 10:45:38 Asia/Tokyo] POSTされました
[01-Jul-2020 10:45:39 Asia/Tokyo] POSTされました
[01-Jul-2020 10:45:40 Asia/Tokyo] POSTされました
[01-Jul-2020 10:45:40 Asia/Tokyo] PHP Fatal error:  Uncaught Error: Call to undefined method Monster::pickpuEx() in /Applications/MAMP/htdocs/object-orientation/index.php:199
Stack trace:
#0 {main}
  thrown in /Applications/MAMP/htdocs/object-orientation/index.php on line 199
[01-Jul-2020 10:46:17 Asia/Tokyo] POSTされました
[01-Jul-2020 10:46:20 Asia/Tokyo] POSTされました
[01-Jul-2020 10:46:21 Asia/Tokyo] POSTされました
[01-Jul-2020 10:46:22 Asia/Tokyo] POSTされました
[01-Jul-2020 10:46:22 Asia/Tokyo] POSTされました
[01-Jul-2020 10:46:26 Asia/Tokyo] POSTされました
[01-Jul-2020 10:46:27 Asia/Tokyo] POSTされました
[01-Jul-2020 10:46:28 Asia/Tokyo] POSTされました
[01-Jul-2020 10:46:29 Asia/Tokyo] POSTされました
[01-Jul-2020 10:46:30 Asia/Tokyo] POSTされました
[01-Jul-2020 10:46:31 Asia/Tokyo] POSTされました
[01-Jul-2020 10:46:32 Asia/Tokyo] POSTされました
[01-Jul-2020 10:46:33 Asia/Tokyo] POSTされました
[01-Jul-2020 10:46:33 Asia/Tokyo] POSTされました
[01-Jul-2020 10:46:34 Asia/Tokyo] POSTされました
[01-Jul-2020 10:46:35 Asia/Tokyo] POSTされました
[01-Jul-2020 10:46:48 Asia/Tokyo] POSTされました
[01-Jul-2020 10:46:48 Asia/Tokyo] POSTされました
[01-Jul-2020 10:46:49 Asia/Tokyo] POSTされました
[01-Jul-2020 10:46:50 Asia/Tokyo] POSTされました
[01-Jul-2020 10:46:51 Asia/Tokyo] POSTされました
[01-Jul-2020 10:46:51 Asia/Tokyo] POSTされました
[01-Jul-2020 10:46:52 Asia/Tokyo] POSTされました
[01-Jul-2020 10:46:52 Asia/Tokyo] POSTされました
[01-Jul-2020 10:46:53 Asia/Tokyo] POSTされました
[01-Jul-2020 10:46:54 Asia/Tokyo] POSTされました
[01-Jul-2020 10:46:55 Asia/Tokyo] POSTされました
[01-Jul-2020 10:46:55 Asia/Tokyo] POSTされました
[01-Jul-2020 10:46:56 Asia/Tokyo] POSTされました
[01-Jul-2020 10:46:57 Asia/Tokyo] POSTされました
[01-Jul-2020 10:46:57 Asia/Tokyo] POSTされました
[01-Jul-2020 10:46:58 Asia/Tokyo] POSTされました
[01-Jul-2020 10:46:58 Asia/Tokyo] POSTされました
[01-Jul-2020 10:46:59 Asia/Tokyo] POSTされました
[01-Jul-2020 10:46:59 Asia/Tokyo] POSTされました
[01-Jul-2020 10:46:59 Asia/Tokyo] POSTされました
[01-Jul-2020 10:47:00 Asia/Tokyo] POSTされました
[01-Jul-2020 10:47:00 Asia/Tokyo] POSTされました
[01-Jul-2020 10:47:02 Asia/Tokyo] POSTされました
[01-Jul-2020 10:47:04 Asia/Tokyo] POSTされました
[01-Jul-2020 10:47:05 Asia/Tokyo] POSTされました
[01-Jul-2020 10:47:06 Asia/Tokyo] POSTされました
[01-Jul-2020 10:47:08 Asia/Tokyo] POSTされました
[01-Jul-2020 10:47:09 Asia/Tokyo] POSTされました
[01-Jul-2020 10:47:10 Asia/Tokyo] POSTされました
[01-Jul-2020 10:47:10 Asia/Tokyo] POSTされました
[01-Jul-2020 10:47:11 Asia/Tokyo] POSTされました
[01-Jul-2020 10:47:12 Asia/Tokyo] POSTされました
[01-Jul-2020 10:47:12 Asia/Tokyo] POSTされました
[01-Jul-2020 10:47:13 Asia/Tokyo] POSTされました
[01-Jul-2020 10:47:14 Asia/Tokyo] POSTされました
[01-Jul-2020 10:47:15 Asia/Tokyo] POSTされました
[01-Jul-2020 10:47:15 Asia/Tokyo] POSTされました
[01-Jul-2020 10:47:16 Asia/Tokyo] POSTされました
[01-Jul-2020 10:47:17 Asia/Tokyo] POSTされました
[01-Jul-2020 10:47:17 Asia/Tokyo] POSTされました
[01-Jul-2020 10:47:19 Asia/Tokyo] POSTされました
[01-Jul-2020 10:47:19 Asia/Tokyo] POSTされました
[01-Jul-2020 10:47:20 Asia/Tokyo] POSTされました
[01-Jul-2020 10:47:20 Asia/Tokyo] POSTされました
[01-Jul-2020 10:48:47 Asia/Tokyo] POSTされました
[01-Jul-2020 10:48:48 Asia/Tokyo] Array
(
)

[01-Jul-2020 10:48:48 Asia/Tokyo] POSTされました
[01-Jul-2020 10:48:50 Asia/Tokyo] POSTされました
[01-Jul-2020 10:54:28 Asia/Tokyo] POSTされました
[01-Jul-2020 10:54:29 Asia/Tokyo] POSTされました
[01-Jul-2020 10:54:30 Asia/Tokyo] POSTされました
[01-Jul-2020 10:54:31 Asia/Tokyo] POSTされました
[01-Jul-2020 10:54:33 Asia/Tokyo] POSTされました
[01-Jul-2020 10:54:34 Asia/Tokyo] POSTされました
[01-Jul-2020 10:54:35 Asia/Tokyo] POSTされました
[01-Jul-2020 10:54:35 Asia/Tokyo] POSTされました
[01-Jul-2020 10:54:36 Asia/Tokyo] POSTされました
[01-Jul-2020 10:54:37 Asia/Tokyo] POSTされました
[01-Jul-2020 10:54:37 Asia/Tokyo] POSTされました
[01-Jul-2020 10:54:38 Asia/Tokyo] POSTされました
[01-Jul-2020 10:54:47 Asia/Tokyo] POSTされました
[01-Jul-2020 10:54:48 Asia/Tokyo] POSTされました
[01-Jul-2020 10:54:49 Asia/Tokyo] POSTされました
[01-Jul-2020 10:54:49 Asia/Tokyo] POSTされました
[01-Jul-2020 10:54:50 Asia/Tokyo] POSTされました
[01-Jul-2020 10:54:55 Asia/Tokyo] POSTされました
[01-Jul-2020 10:54:57 Asia/Tokyo] POSTされました
[01-Jul-2020 10:54:57 Asia/Tokyo] POSTされました
[01-Jul-2020 10:54:59 Asia/Tokyo] POSTされました
[01-Jul-2020 10:55:00 Asia/Tokyo] POSTされました
[01-Jul-2020 10:55:01 Asia/Tokyo] POSTされました
[01-Jul-2020 10:55:02 Asia/Tokyo] POSTされました
[01-Jul-2020 10:55:02 Asia/Tokyo] POSTされました
[01-Jul-2020 10:55:04 Asia/Tokyo] POSTされました
[01-Jul-2020 10:55:05 Asia/Tokyo] POSTされました
[01-Jul-2020 10:55:08 Asia/Tokyo] POSTされました
[01-Jul-2020 10:55:09 Asia/Tokyo] POSTされました
[01-Jul-2020 10:55:09 Asia/Tokyo] POSTされました
[01-Jul-2020 10:55:10 Asia/Tokyo] POSTされました
